[2026-03-05T18:47:38.815+0000] {manager.py:470} INFO - Processing files using up to 2 processes at a time 
[2026-03-05T18:47:38.817+0000] {manager.py:471} INFO - Process each file at most once every 30 seconds
[2026-03-05T18:47:38.819+0000] {manager.py:472} INFO - Checking for new files in /opt/airflow/dags every 300 seconds
[2026-03-05T18:47:38.820+0000] {manager.py:737} INFO - Searching for files in /opt/airflow/dags
[2026-03-05T18:47:38.829+0000] {manager.py:740} INFO - There are 0 files in /opt/airflow/dags
[2026-03-05T18:53:13.723+0000] {manager.py:470} INFO - Processing files using up to 2 processes at a time 
[2026-03-05T18:53:13.724+0000] {manager.py:471} INFO - Process each file at most once every 30 seconds
[2026-03-05T18:53:13.725+0000] {manager.py:472} INFO - Checking for new files in /opt/airflow/dags every 300 seconds
[2026-03-05T18:53:13.726+0000] {manager.py:737} INFO - Searching for files in /opt/airflow/dags
[2026-03-05T18:53:13.732+0000] {manager.py:740} INFO - There are 0 files in /opt/airflow/dags
[2026-03-05T18:55:59.645+0000] {manager.py:470} INFO - Processing files using up to 2 processes at a time 
[2026-03-05T18:55:59.647+0000] {manager.py:471} INFO - Process each file at most once every 30 seconds
[2026-03-05T18:55:59.648+0000] {manager.py:472} INFO - Checking for new files in /opt/airflow/dags every 300 seconds
[2026-03-05T18:55:59.649+0000] {manager.py:737} INFO - Searching for files in /opt/airflow/dags
[2026-03-05T18:55:59.657+0000] {manager.py:740} INFO - There are 0 files in /opt/airflow/dags
[2026-03-05T18:59:18.497+0000] {manager.py:470} INFO - Processing files using up to 2 processes at a time 
[2026-03-05T18:59:18.498+0000] {manager.py:471} INFO - Process each file at most once every 30 seconds
[2026-03-05T18:59:18.500+0000] {manager.py:472} INFO - Checking for new files in /opt/airflow/dags every 300 seconds
[2026-03-05T18:59:18.501+0000] {manager.py:737} INFO - Searching for files in /opt/airflow/dags
[2026-03-05T18:59:18.507+0000] {manager.py:740} INFO - There are 0 files in /opt/airflow/dags
[2026-03-05T19:04:55.209+0000] {manager.py:470} INFO - Processing files using up to 2 processes at a time 
[2026-03-05T19:04:55.210+0000] {manager.py:471} INFO - Process each file at most once every 30 seconds
[2026-03-05T19:04:55.211+0000] {manager.py:472} INFO - Checking for new files in /opt/airflow/dags every 300 seconds
[2026-03-05T19:04:55.212+0000] {manager.py:737} INFO - Searching for files in /opt/airflow/dags
[2026-03-05T19:04:55.218+0000] {manager.py:740} INFO - There are 0 files in /opt/airflow/dags
[2026-03-05T19:06:03.623+0000] {manager.py:470} INFO - Processing files using up to 2 processes at a time 
[2026-03-05T19:06:03.624+0000] {manager.py:471} INFO - Process each file at most once every 30 seconds
[2026-03-05T19:06:03.625+0000] {manager.py:472} INFO - Checking for new files in /opt/airflow/dags every 300 seconds
[2026-03-05T19:06:03.627+0000] {manager.py:737} INFO - Searching for files in /opt/airflow/dags
[2026-03-05T19:06:03.634+0000] {manager.py:740} INFO - There are 0 files in /opt/airflow/dags
[2026-03-05T19:12:29.948+0000] {manager.py:470} INFO - Processing files using up to 2 processes at a time 
[2026-03-05T19:12:29.950+0000] {manager.py:471} INFO - Process each file at most once every 30 seconds
[2026-03-05T19:12:29.951+0000] {manager.py:472} INFO - Checking for new files in /opt/airflow/dags every 300 seconds
[2026-03-05T19:12:29.952+0000] {manager.py:737} INFO - Searching for files in /opt/airflow/dags
[2026-03-05T19:12:29.960+0000] {manager.py:740} INFO - There are 0 files in /opt/airflow/dags
[2026-03-05T19:17:29.995+0000] {manager.py:737} INFO - Searching for files in /opt/airflow/dags
[2026-03-05T19:17:30.001+0000] {manager.py:740} INFO - There are 0 files in /opt/airflow/dags
[2026-03-05T19:22:30.023+0000] {manager.py:737} INFO - Searching for files in /opt/airflow/dags
[2026-03-05T19:22:30.029+0000] {manager.py:740} INFO - There are 0 files in /opt/airflow/dags
[2026-03-05T19:27:30.059+0000] {manager.py:737} INFO - Searching for files in /opt/airflow/dags
[2026-03-05T19:27:30.067+0000] {manager.py:740} INFO - There are 0 files in /opt/airflow/dags
[2026-03-05T19:32:30.082+0000] {manager.py:737} INFO - Searching for files in /opt/airflow/dags
[2026-03-05T19:32:30.089+0000] {manager.py:740} INFO - There are 0 files in /opt/airflow/dags
[2026-03-05T19:37:30.134+0000] {manager.py:737} INFO - Searching for files in /opt/airflow/dags
[2026-03-05T19:37:30.141+0000] {manager.py:740} INFO - There are 0 files in /opt/airflow/dags
[2026-03-05T19:42:30.199+0000] {manager.py:737} INFO - Searching for files in /opt/airflow/dags
[2026-03-05T19:42:30.209+0000] {manager.py:740} INFO - There are 0 files in /opt/airflow/dags
[2026-03-05T19:47:30.230+0000] {manager.py:737} INFO - Searching for files in /opt/airflow/dags
[2026-03-05T19:47:30.237+0000] {manager.py:740} INFO - There are 0 files in /opt/airflow/dags
[2026-03-05T19:52:30.259+0000] {manager.py:737} INFO - Searching for files in /opt/airflow/dags
[2026-03-05T19:52:30.265+0000] {manager.py:740} INFO - There are 0 files in /opt/airflow/dags
[2026-03-05T19:57:30.264+0000] {manager.py:737} INFO - Searching for files in /opt/airflow/dags
[2026-03-05T19:57:30.271+0000] {manager.py:740} INFO - There are 0 files in /opt/airflow/dags
[2026-03-05T20:02:30.362+0000] {manager.py:737} INFO - Searching for files in /opt/airflow/dags
[2026-03-05T20:02:30.371+0000] {manager.py:740} INFO - There are 0 files in /opt/airflow/dags
[2026-03-05T20:07:30.503+0000] {manager.py:737} INFO - Searching for files in /opt/airflow/dags
[2026-03-05T20:07:30.510+0000] {manager.py:740} INFO - There are 0 files in /opt/airflow/dags
[2026-03-05T20:12:30.560+0000] {manager.py:737} INFO - Searching for files in /opt/airflow/dags
[2026-03-05T20:12:30.567+0000] {manager.py:740} INFO - There are 0 files in /opt/airflow/dags
[2026-03-05T20:17:31.555+0000] {manager.py:737} INFO - Searching for files in /opt/airflow/dags
[2026-03-05T20:17:31.562+0000] {manager.py:740} INFO - There are 0 files in /opt/airflow/dags
[2026-03-05T20:22:31.558+0000] {manager.py:737} INFO - Searching for files in /opt/airflow/dags
[2026-03-05T20:22:31.563+0000] {manager.py:740} INFO - There are 0 files in /opt/airflow/dags
[2026-03-05T20:27:31.579+0000] {manager.py:737} INFO - Searching for files in /opt/airflow/dags
[2026-03-05T20:27:31.588+0000] {manager.py:740} INFO - There are 0 files in /opt/airflow/dags
[2026-03-05T20:32:31.594+0000] {manager.py:737} INFO - Searching for files in /opt/airflow/dags
[2026-03-05T20:32:31.600+0000] {manager.py:740} INFO - There are 0 files in /opt/airflow/dags
[2026-03-05T20:37:32.595+0000] {manager.py:737} INFO - Searching for files in /opt/airflow/dags
[2026-03-05T20:37:32.604+0000] {manager.py:740} INFO - There are 0 files in /opt/airflow/dags
[2026-03-05T20:42:32.664+0000] {manager.py:737} INFO - Searching for files in /opt/airflow/dags
[2026-03-05T20:42:32.671+0000] {manager.py:740} INFO - There are 0 files in /opt/airflow/dags
[2026-03-05T20:47:32.665+0000] {manager.py:737} INFO - Searching for files in /opt/airflow/dags
[2026-03-05T20:47:32.672+0000] {manager.py:740} INFO - There are 0 files in /opt/airflow/dags
[2026-03-05T20:52:32.683+0000] {manager.py:737} INFO - Searching for files in /opt/airflow/dags
[2026-03-05T20:52:32.694+0000] {manager.py:740} INFO - There are 0 files in /opt/airflow/dags
[2026-03-05T20:57:32.739+0000] {manager.py:737} INFO - Searching for files in /opt/airflow/dags
[2026-03-05T20:57:32.748+0000] {manager.py:740} INFO - There are 0 files in /opt/airflow/dags
[2026-03-05T21:02:32.750+0000] {manager.py:737} INFO - Searching for files in /opt/airflow/dags
[2026-03-05T21:02:32.759+0000] {manager.py:740} INFO - There are 0 files in /opt/airflow/dags
[2026-03-05T21:07:32.775+0000] {manager.py:737} INFO - Searching for files in /opt/airflow/dags
[2026-03-05T21:07:32.784+0000] {manager.py:740} INFO - There are 0 files in /opt/airflow/dags
[2026-03-05T21:12:32.866+0000] {manager.py:737} INFO - Searching for files in /opt/airflow/dags
[2026-03-05T21:12:32.878+0000] {manager.py:740} INFO - There are 0 files in /opt/airflow/dags
[2026-03-05T21:17:32.897+0000] {manager.py:737} INFO - Searching for files in /opt/airflow/dags
[2026-03-05T21:17:32.908+0000] {manager.py:740} INFO - There are 0 files in /opt/airflow/dags
[2026-03-05T21:22:32.966+0000] {manager.py:737} INFO - Searching for files in /opt/airflow/dags
[2026-03-05T21:22:32.975+0000] {manager.py:740} INFO - There are 0 files in /opt/airflow/dags
[2026-03-05T21:27:33.039+0000] {manager.py:737} INFO - Searching for files in /opt/airflow/dags
[2026-03-05T21:27:33.049+0000] {manager.py:740} INFO - There are 0 files in /opt/airflow/dags
[2026-03-05T21:32:33.149+0000] {manager.py:737} INFO - Searching for files in /opt/airflow/dags
[2026-03-05T21:32:33.157+0000] {manager.py:740} INFO - There are 0 files in /opt/airflow/dags
[2026-03-05T21:37:33.232+0000] {manager.py:737} INFO - Searching for files in /opt/airflow/dags
[2026-03-05T21:37:33.240+0000] {manager.py:740} INFO - There are 0 files in /opt/airflow/dags
[2026-03-05T21:42:33.315+0000] {manager.py:737} INFO - Searching for files in /opt/airflow/dags
[2026-03-05T21:42:33.328+0000] {manager.py:740} INFO - There are 0 files in /opt/airflow/dags
[2026-03-05T21:47:33.377+0000] {manager.py:737} INFO - Searching for files in /opt/airflow/dags
[2026-03-05T21:47:33.384+0000] {manager.py:740} INFO - There are 0 files in /opt/airflow/dags
[2026-03-05T21:52:33.424+0000] {manager.py:737} INFO - Searching for files in /opt/airflow/dags
[2026-03-05T21:52:33.436+0000] {manager.py:740} INFO - There are 0 files in /opt/airflow/dags
[2026-03-05T21:57:33.467+0000] {manager.py:737} INFO - Searching for files in /opt/airflow/dags
[2026-03-05T21:57:33.474+0000] {manager.py:740} INFO - There are 0 files in /opt/airflow/dags
[2026-03-05T22:02:33.508+0000] {manager.py:737} INFO - Searching for files in /opt/airflow/dags
[2026-03-05T22:02:33.515+0000] {manager.py:740} INFO - There are 0 files in /opt/airflow/dags
[2026-03-05T22:07:33.563+0000] {manager.py:737} INFO - Searching for files in /opt/airflow/dags
[2026-03-05T22:07:33.569+0000] {manager.py:740} INFO - There are 0 files in /opt/airflow/dags
[2026-03-05T22:12:33.639+0000] {manager.py:737} INFO - Searching for files in /opt/airflow/dags
[2026-03-05T22:12:33.647+0000] {manager.py:740} INFO - There are 0 files in /opt/airflow/dags
[2026-03-05T22:17:33.680+0000] {manager.py:737} INFO - Searching for files in /opt/airflow/dags
[2026-03-05T22:17:33.690+0000] {manager.py:740} INFO - There are 0 files in /opt/airflow/dags
[2026-03-05T22:22:33.695+0000] {manager.py:737} INFO - Searching for files in /opt/airflow/dags
[2026-03-05T22:22:33.704+0000] {manager.py:740} INFO - There are 0 files in /opt/airflow/dags
[2026-03-05T22:27:33.730+0000] {manager.py:737} INFO - Searching for files in /opt/airflow/dags
[2026-03-05T22:27:33.737+0000] {manager.py:740} INFO - There are 0 files in /opt/airflow/dags
[2026-03-05T22:32:33.734+0000] {manager.py:737} INFO - Searching for files in /opt/airflow/dags
[2026-03-05T22:32:33.743+0000] {manager.py:740} INFO - There are 0 files in /opt/airflow/dags
[2026-03-05T22:37:33.778+0000] {manager.py:737} INFO - Searching for files in /opt/airflow/dags
[2026-03-05T22:37:33.785+0000] {manager.py:740} INFO - There are 0 files in /opt/airflow/dags
